<?xml version="1.0" encoding="UTF-8"?>
<!-- Generated by org.testng.reporters.JUnitXMLReporter -->
<testsuite hostname="LAPTOP-2TM1PA16" ignored="0" tests="3" failures="1" timestamp="25 十一月 2018 04:22:44 GMT" time="0.039" errors="0">
  <testcase name="testMethodTwo" time="0.01" classname="SampleTest">
    <failure type="java.lang.AssertionError" message="expected [true] but found [false]">
      <![CDATA[java.lang.AssertionError: expected [true] but found [false]
at SampleTest.testMethodTwo(SampleTest.java:12)
... Removed 29 stack frames]]>
    </failure>
  </testcase> <!-- testMethodTwo -->
  <testcase name="testMethodOne" time="0.001" classname="SampleTest"/>
  <testcase name="testMethodThree" time="0.0" classname="SampleTest">
    <skipped/>
  </testcase> <!-- testMethodThree -->
</testsuite>
